[2026-07-19 20:34:51] starting 10-seed run limit=200 epochs=10
[2026-07-19 20:34:51] seed=20260719 ...
[2026-07-19 20:36:00] seed=20260719 done (exit=0)
[2026-07-19 20:36:00] seed=11 ...
[2026-07-19 20:37:09] seed=11 done (exit=0)
[2026-07-19 20:37:09] seed=22 ...
[2026-07-19 20:38:18] seed=22 done (exit=0)
[2026-07-19 20:38:18] seed=33 ...
[2026-07-19 20:39:28] seed=33 done (exit=0)
[2026-07-19 20:39:28] seed=44 ...
[2026-07-19 20:40:36] seed=44 done (exit=0)
[2026-07-19 20:40:36] seed=55 ...
[2026-07-19 20:41:48] seed=55 done (exit=0)
[2026-07-19 20:41:48] seed=66 ...
[2026-07-19 20:43:07] seed=66 done (exit=0)
[2026-07-19 20:43:07] seed=77 ...
[2026-07-19 20:44:26] seed=77 done (exit=0)
[2026-07-19 20:44:26] seed=88 ...
[2026-07-19 20:45:43] seed=88 done (exit=0)
[2026-07-19 20:45:43] seed=99 ...
[2026-07-19 20:47:00] seed=99 done (exit=0)
[2026-07-19 20:47:00] aggregating results ...
[2026-07-19 20:47:01] 10-seed run complete.
